<?xml version="1.0" encoding="UTF-8"?>
<!DOCTYPE suite SYSTEM "https://testng.org/testng-1.0.dtd">
<suite name="ROCO WEB Web Automation suite" parallel="false"
	thread-count="25" verbose="1">
	<test name="ROCO_WEB_Web_App_Test">
		<parameter name="scenario.file.loc" value="scenarios/web" />
		<parameter name="txt.scenario.file.ext" value=".feature" />
		<parameter name="step.provider.pkg"
			value="com.wellsfargo.automation.roco.steps" />
		<parameter name="evn.resources" value="resources/web" />
		<parameter name="global.datadriven.parallel" value="false"></parameter>
		<groups>
			<run>
				<include name=""></include>
				<include name=""></include>
				<include name=""></include>
				<include name=""></include>
				<include name=""></include>
			</run>
		</groups>
		<classes>
			<class name="com.wellsfargo.automation.roco.base.RocoTestBase" />
		</classes>
	</test>
</suite>
